#0: Connected
#0: Allocated at offset 16: 0 1 2 3 4 5 6 7 8 9
#0: Read: 0 1 2 3 4 5 6 7 8 9
#1: Connected
#1: Read: 0 1 2 3 4 5 6 7 8 9
#1: Allocated at offset 104: 10 11 12 13 14 15
#0: Read: 10 11 12 13 14 15
#0: Read: 0 1 2 3 4 5 6 7 8 9
#0: Freed at offset: 16
#0: Allocated at offset 16: 16 17 18 19 20 21 22 23 24
#1: Read: 16 17 18 19 20 21 22 23 24
#2: Connected
#2: Read: 16 17 18 19 20 21 22 23 24
#2: Read: 10 11 12 13 14 15
#2: Allocated at offset 160: 25
#0: Read: 25
#2: Freed at offset: 160
#2: Freed at offset: 16
#2: Freed at offset: 104
#1: Disconnected
#0: Disconnected
#2: Disconnected
