#2: Connected
#1: Connected
#3: Connected
#0: Connected
#4: Connected
#5: Connected
#2: Allocated at offset 56: 20 21 22 23 24 25 26 27 28 29
#3: Allocated at offset 144: 30 31 32 33 34 35 36 37 38 39
#4: Allocated at offset 232: 40 41 42 43 44 45 46 47 48 49
#0: Allocated at offset 320: 0 1 2 3 4 5 6 7 8 9
#5: Allocated at offset 408: 50 51 52 53 54 55 56 57 58 59
#1: Allocated at offset 496: 10 11 12 13 14 15 16 17 18 19
#0: Read: 10 11 12 13 14 15 16 17 18 19
#1: Read: 20 21 22 23 24 25 26 27 28 29
#3: Read: 40 41 42 43 44 45 46 47 48 49
#2: Read: 30 31 32 33 34 35 36 37 38 39
#5: Read: 0 1 2 3 4 5 6 7 8 9
#4: Read: 50 51 52 53 54 55 56 57 58 59
#0: Read: 30 31 32 33 34 35 36 37 38 39
#1: Read: 40 41 42 43 44 45 46 47 48 49
#2: Read: 50 51 52 53 54 55 56 57 58 59
#0: Read: 20 21 22 23 24 25 26 27 28 29
#1: Freed at offset: 144
#3: Allocated at offset 144: 60 61
#2: Freed at offset: 496
#0: Read: 40 41 42 43 44 45 46 47 48 49
#1: Freed at offset: 56
#1: Read: 60 61
#0: Read: 50 51 52 53 54 55 56 57 58 59
#0: Read: 0 1 2 3 4 5 6 7 8 9
#1: Freed at offset: 232
#2: Freed at offset: 408
#3: Freed at offset: 144
#0: Freed at offset: 320
#0: Disconnected
#2: Disconnected
#5: Disconnected
#3: Disconnected
#4: Disconnected
#1: Disconnected
